<?xml version="1.0" encoding="UTF-8"?>
<robot generator="Robot 3.2.2 (Python 3.9.0 on linux)" generated="20201117 04:45:05.282" rpa="false">
<suite id="s1" name="Robots" source="/robots">
<suite id="s1-s1" name="Test" source="/robots/test.robot">
<test id="s1-s1-t1" name="Get Rrquests">
<kw name="Create Session" library="RequestsLibrary">
<doc>Create Session: create a HTTP session to a server</doc>
<arguments>
<arg>sess</arg>
<arg>${URL}</arg>
</arguments>
<msg timestamp="20201117 04:45:05.568" level="INFO">Creating Session using : alias=sess, url=http://192.168.137.50:8888, headers={},                     cookies={}, auth=None, timeout=None, proxies=None, verify=False,                     debug=0 </msg>
<status status="PASS" starttime="20201117 04:45:05.566" endtime="20201117 04:45:05.569"></status>
</kw>
<kw name="Get Request" library="RequestsLibrary">
<doc>Send a GET request on the session object found using the
given `alias`</doc>
<arguments>
<arg>sess</arg>
<arg>/</arg>
</arguments>
<assign>
<var>${res}</var>
</assign>
<msg timestamp="20201117 04:45:05.619" level="INFO">GET Request : url=http://192.168.137.50:8888/ 
 path_url=/ 
 headers={'User-Agent': 'python-requests/2.25.0', 'Accept-Encoding': 'gzip, deflate', 'Accept': '*/*', 'Connection': 'keep-alive'} 
 body=None 
 </msg>
<msg timestamp="20201117 04:45:05.620" level="INFO">GET Response : url=http://192.168.137.50:8888/ 
 status=200, reason= 
 body=Greetings from Spring Boot! 
 </msg>
<msg timestamp="20201117 04:45:05.620" level="INFO">${res} = &lt;Response [200]&gt;</msg>
<status status="PASS" starttime="20201117 04:45:05.569" endtime="20201117 04:45:05.620"></status>
</kw>
<kw name="Log" library="BuiltIn">
<doc>Logs the given message with the given level.</doc>
<arguments>
<arg>${res.status_code}</arg>
</arguments>
<msg timestamp="20201117 04:45:05.621" level="INFO">200</msg>
<status status="PASS" starttime="20201117 04:45:05.621" endtime="20201117 04:45:05.622"></status>
</kw>
<kw name="Should Be Equal" library="BuiltIn">
<doc>Fails if the given objects are unequal.</doc>
<arguments>
<arg>${200}</arg>
<arg>${res.status_code}</arg>
</arguments>
<status status="PASS" starttime="20201117 04:45:05.622" endtime="20201117 04:45:05.624"></status>
</kw>
<status status="PASS" starttime="20201117 04:45:05.565" endtime="20201117 04:45:05.624" critical="yes"></status>
</test>
<status status="PASS" starttime="20201117 04:45:05.347" endtime="20201117 04:45:05.626"></status>
</suite>
<status status="PASS" starttime="20201117 04:45:05.285" endtime="20201117 04:45:05.638"></status>
</suite>
<statistics>
<total>
<stat pass="1" fail="0">Critical Tests</stat>
<stat pass="1" fail="0">All Tests</stat>
</total>
<tag>
</tag>
<suite>
<stat pass="1" fail="0" id="s1" name="Robots">Robots</stat>
<stat pass="1" fail="0" id="s1-s1" name="Test">Robots.Test</stat>
</suite>
</statistics>
<errors>
</errors>
</robot>
